<?xml version="1.0" encoding="UTF-8"?>
<!-- Generated by org.testng.reporters.JUnitReportReporter -->
<testsuite hostname="DESKTOP-0H4BH5U" failures="0" tests="1" name="com.healthcare.dao.UserDAOTest" time="0.713" errors="0" timestamp="2025-09-18T21:34:29 IST" skipped="0">
  <testcase classname="com.healthcare.dao.UserDAOTest" name="testAddAndGetUser" time="0.713"/>
</testsuite> <!-- com.healthcare.dao.UserDAOTest -->
