<?xml version="1.0" encoding="UTF-8"?>
<!-- Generated by org.testng.reporters.JUnitReportReporter -->
<testsuite hostname="DESKTOP-0H4BH5U" failures="0" tests="1" name="com.healthcare.service.AppointmentServiceTest" time="0.503" errors="0" timestamp="2025-09-18T13:00:16 IST" skipped="0">
  <testcase classname="com.healthcare.service.AppointmentServiceTest" name="testBookAppointment" time="0.503"/>
</testsuite> <!-- com.healthcare.service.AppointmentServiceTest -->
