<?xml version="1.0" encoding="UTF-8"?>
<!-- Generated by org.testng.reporters.JUnitReportReporter -->
<testsuite hostname="DESKTOP-0H4BH5U" failures="0" tests="1" name="com.healthcare.dao.DoctorDAOTest" time="0.464" errors="0" timestamp="2025-09-18T12:54:27 IST" skipped="0">
  <testcase classname="com.healthcare.dao.DoctorDAOTest" name="testGetAllDoctors" time="0.464"/>
</testsuite> <!-- com.healthcare.dao.DoctorDAOTest -->
